\BOOKMARK [1][-]{section.1}{\376\377\000P\000i\000g\000e\000o\000n\000h\000o\000l\000e\000\040\000P\000r\000i\000n\000c\000i\000p\000l\000e}{}% 1
\BOOKMARK [1][-]{section.2}{\376\377\000B\000i\000n\000o\000m\000i\000a\000l\000\040\000C\000o\000e\000f\000f\000i\000c\000i\000e\000n\000t}{}% 2
\BOOKMARK [2][-]{subsection.2.1}{\376\377\000B\000i\000n\000o\000m\000i\000a\000l\000\040\000T\000h\000e\000o\000r\000e\000m}{section.2}% 3
\BOOKMARK [2][-]{subsection.2.2}{\376\377\000M\000u\000l\000t\000i\000c\000h\000o\000o\000s\000e}{section.2}% 4
\BOOKMARK [2][-]{subsection.2.3}{\376\377\000O\000t\000h\000e\000r\000\040\000I\000d\000e\000n\000t\000i\000t\000i\000e\000s}{section.2}% 5
\BOOKMARK [2][-]{subsection.2.4}{\376\377\000P\000r\000o\000p\000e\000r\000t\000i\000e\000s\000\040\000o\000f\000\040\000S\000e\000q\000u\000e\000n\000c\000e\000\040\000o\000f\000\040\000B\000i\000n\000o\000m\000i\000a\000l\000\040\000C\000o\000e\000f\000f\000i\000c\000i\000e\000n\000t\000s}{section.2}% 6
\BOOKMARK [2][-]{subsection.2.5}{\376\377\000M\000u\000l\000t\000i\000n\000o\000m\000i\000a\000l\000\040\000T\000h\000e\000o\000r\000e\000m}{section.2}% 7
\BOOKMARK [2][-]{subsection.2.6}{\376\377\000G\000e\000n\000e\000r\000a\000l\000i\000z\000e\000d\000\040\000B\000i\000n\000o\000m\000i\000a\000l\000\040\000T\000h\000e\000o\000r\000e\000m}{section.2}% 8
\BOOKMARK [2][-]{subsection.2.7}{\376\377\000B\000i\000n\000o\000m\000i\000a\000l\000\040\000I\000n\000v\000e\000r\000s\000i\000o\000n}{section.2}% 9
\BOOKMARK [1][-]{section.3}{\376\377\000P\000e\000r\000m\000u\000t\000a\000t\000i\000o\000n\000s}{}% 10
\BOOKMARK [2][-]{subsection.3.1}{\376\377\000I\000n\000t\000r\000o\000d\000u\000c\000t\000i\000o\000n}{section.3}% 11
\BOOKMARK [2][-]{subsection.3.2}{\376\377\000I\000n\000v\000e\000r\000s\000i\000o\000n\000s}{section.3}% 12
\BOOKMARK [2][-]{subsection.3.3}{\376\377\000C\000y\000c\000l\000e\000s}{section.3}% 13
\BOOKMARK [2][-]{subsection.3.4}{\376\377\000D\000e\000r\000a\000n\000g\000e\000m\000e\000n\000t\000s}{section.3}% 14
\BOOKMARK [1][-]{section.4}{\376\377\000P\000a\000r\000t\000i\000t\000i\000o\000n\000s}{}% 15
\BOOKMARK [2][-]{subsection.4.1}{\376\377\000C\000o\000m\000p\000o\000s\000i\000t\000i\000o\000n\000s}{section.4}% 16
\BOOKMARK [2][-]{subsection.4.2}{\376\377\000S\000e\000t\000\040\000P\000a\000r\000t\000i\000t\000i\000o\000n\000s}{section.4}% 17
\BOOKMARK [2][-]{subsection.4.3}{\376\377\000I\000n\000t\000e\000g\000e\000r\000\040\000P\000a\000r\000t\000i\000t\000i\000o\000n\000s}{section.4}% 18
\BOOKMARK [1][-]{section.5}{\376\377\000G\000e\000n\000e\000r\000a\000t\000i\000n\000g\000\040\000F\000u\000n\000c\000t\000i\000o\000n\000s}{}% 19
\BOOKMARK [2][-]{subsection.5.1}{\376\377\000D\000e\000f\000i\000n\000i\000t\000i\000o\000n\000s}{section.5}% 20
\BOOKMARK [2][-]{subsection.5.2}{\376\377\000C\000o\000m\000m\000o\000n\000\040\000G\000e\000n\000e\000r\000a\000t\000i\000n\000g\000\040\000F\000u\000n\000c\000t\000i\000o\000n\000s}{section.5}% 21
\BOOKMARK [2][-]{subsection.5.3}{\376\377\000W\000i\000l\000f\000\040\000R\000u\000l\000e\000s}{section.5}% 22
\BOOKMARK [2][-]{subsection.5.4}{\376\377\000R\000e\000c\000u\000r\000r\000e\000n\000c\000e\000s}{section.5}% 23
\BOOKMARK [2][-]{subsection.5.5}{\376\377\000C\000o\000u\000n\000t\000i\000n\000g\000\040\000U\000s\000i\000n\000g\000\040\000P\000r\000o\000d\000u\000c\000t\000s}{section.5}% 24
\BOOKMARK [1][-]{section.6}{\376\377\000S\000i\000e\000v\000e\000\040\000M\000e\000t\000h\000o\000d}{}% 25
